{"C:\\Users\\ryan-fab\\Documents\\BackEnd\\src\\index.js": {"path":"C:\\Users\\ryan-fab\\Documents\\BackEnd\\src\\index.js","statementMap":{"0":{"start":{"line":5,"column":0},"end":{"line":5,"column":10}},"1":{"start":{"line":7,"column":12},"end":{"line":7,"column":21}},"2":{"start":{"line":8,"column":0},"end":{"line":8,"column":24}},"3":{"start":{"line":9,"column":0},"end":{"line":9,"column":16}}},"fnMap":{},"branchMap":{},"s":{"0":2,"1":2,"2":2,"3":2},"f":{},"b":{},"_coverageSchema":"1a1c01bbd47fc00a2c39e90264f33305004495a9","hash":"93be7a9466c0d2df2b9480411c8079406e15d62f"}
,"C:\\Users\\ryan-fab\\Documents\\BackEnd\\src\\controller\\MessageController.js": {"path":"C:\\Users\\ryan-fab\\Documents\\BackEnd\\src\\controller\\MessageController.js","statementMap":{"0":{"start":{"line":3,"column":22},"end":{"line":14,"column":1}},"1":{"start":{"line":4,"column":2},"end":{"line":13,"column":3}},"2":{"start":{"line":5,"column":24},"end":{"line":5,"column":51}},"3":{"start":{"line":6,"column":4},"end":{"line":10,"column":7}},"4":{"start":{"line":12,"column":4},"end":{"line":12,"column":23}},"5":{"start":{"line":15,"column":23},"end":{"line":31,"column":1}},"6":{"start":{"line":16,"column":35},"end":{"line":16,"column":43}},"7":{"start":{"line":17,"column":2},"end":{"line":30,"column":3}},"8":{"start":{"line":18,"column":22},"end":{"line":23,"column":6}},"9":{"start":{"line":24,"column":4},"end":{"line":27,"column":7}},"10":{"start":{"line":29,"column":4},"end":{"line":29,"column":23}},"11":{"start":{"line":32,"column":20},"end":{"line":43,"column":1}},"12":{"start":{"line":33,"column":20},"end":{"line":33,"column":33}},"13":{"start":{"line":34,"column":2},"end":{"line":42,"column":3}},"14":{"start":{"line":35,"column":21},"end":{"line":35,"column":59}},"15":{"start":{"line":36,"column":4},"end":{"line":39,"column":7}},"16":{"start":{"line":41,"column":4},"end":{"line":41,"column":23}},"17":{"start":{"line":44,"column":22},"end":{"line":56,"column":1}},"18":{"start":{"line":45,"column":20},"end":{"line":45,"column":33}},"19":{"start":{"line":46,"column":23},"end":{"line":51,"column":4}},"20":{"start":{"line":52,"column":2},"end":{"line":55,"column":5}},"21":{"start":{"line":57,"column":22},"end":{"line":63,"column":1}},"22":{"start":{"line":58,"column":20},"end":{"line":58,"column":33}},"23":{"start":{"line":59,"column":24},"end":{"line":59,"column":71}},"24":{"start":{"line":60,"column":2},"end":{"line":62,"column":5}}},"fnMap":{"0":{"name":"(anonymous_0)","decl":{"start":{"line":3,"column":22},"end":{"line":3,"column":23}},"loc":{"start":{"line":3,"column":42},"end":{"line":14,"column":1}},"line":3},"1":{"name":"(anonymous_1)","decl":{"start":{"line":15,"column":23},"end":{"line":15,"column":24}},"loc":{"start":{"line":15,"column":43},"end":{"line":31,"column":1}},"line":15},"2":{"name":"(anonymous_2)","decl":{"start":{"line":32,"column":20},"end":{"line":32,"column":21}},"loc":{"start":{"line":32,"column":40},"end":{"line":43,"column":1}},"line":32},"3":{"name":"(anonymous_3)","decl":{"start":{"line":44,"column":22},"end":{"line":44,"column":23}},"loc":{"start":{"line":44,"column":42},"end":{"line":56,"column":1}},"line":44},"4":{"name":"(anonymous_4)","decl":{"start":{"line":57,"column":22},"end":{"line":57,"column":23}},"loc":{"start":{"line":57,"column":42},"end":{"line":63,"column":1}},"line":57}},"branchMap":{},"s":{"0":2,"1":0,"2":0,"3":0,"4":0,"5":2,"6":0,"7":0,"8":0,"9":0,"10":0,"11":2,"12":0,"13":0,"14":0,"15":0,"16":0,"17":2,"18":0,"19":0,"20":0,"21":2,"22":0,"23":0,"24":0},"f":{"0":0,"1":0,"2":0,"3":0,"4":0},"b":{},"_coverageSchema":"1a1c01bbd47fc00a2c39e90264f33305004495a9","hash":"7741e9704f8dc149e20f0ec70ad09c5b0183ed15"}
,"C:\\Users\\ryan-fab\\Documents\\BackEnd\\src\\controller\\blogController.js": {"path":"C:\\Users\\ryan-fab\\Documents\\BackEnd\\src\\controller\\blogController.js","statementMap":{"0":{"start":{"line":5,"column":20},"end":{"line":15,"column":1}},"1":{"start":{"line":6,"column":2},"end":{"line":14,"column":3}},"2":{"start":{"line":7,"column":18},"end":{"line":7,"column":51}},"3":{"start":{"line":8,"column":4},"end":{"line":11,"column":7}},"4":{"start":{"line":13,"column":4},"end":{"line":13,"column":23}},"5":{"start":{"line":16,"column":19},"end":{"line":27,"column":1}},"6":{"start":{"line":17,"column":2},"end":{"line":26,"column":3}},"7":{"start":{"line":18,"column":21},"end":{"line":18,"column":46}},"8":{"start":{"line":19,"column":4},"end":{"line":23,"column":7}},"9":{"start":{"line":25,"column":4},"end":{"line":25,"column":23}},"10":{"start":{"line":29,"column":19},"end":{"line":40,"column":1}},"11":{"start":{"line":30,"column":2},"end":{"line":39,"column":3}},"12":{"start":{"line":31,"column":19},"end":{"line":31,"column":32}},"13":{"start":{"line":32,"column":20},"end":{"line":32,"column":53}},"14":{"start":{"line":33,"column":4},"end":{"line":36,"column":7}},"15":{"start":{"line":38,"column":4},"end":{"line":38,"column":23}},"16":{"start":{"line":42,"column":19},"end":{"line":53,"column":1}},"17":{"start":{"line":43,"column":2},"end":{"line":52,"column":3}},"18":{"start":{"line":44,"column":19},"end":{"line":44,"column":32}},"19":{"start":{"line":45,"column":23},"end":{"line":45,"column":75}},"20":{"start":{"line":46,"column":4},"end":{"line":49,"column":7}},"21":{"start":{"line":51,"column":4},"end":{"line":51,"column":23}},"22":{"start":{"line":55,"column":19},"end":{"line":66,"column":1}},"23":{"start":{"line":56,"column":2},"end":{"line":65,"column":3}},"24":{"start":{"line":57,"column":19},"end":{"line":57,"column":32}},"25":{"start":{"line":58,"column":23},"end":{"line":58,"column":65}},"26":{"start":{"line":59,"column":23},"end":{"line":59,"column":74}},"27":{"start":{"line":60,"column":4},"end":{"line":62,"column":7}},"28":{"start":{"line":64,"column":4},"end":{"line":64,"column":23}}},"fnMap":{"0":{"name":"(anonymous_0)","decl":{"start":{"line":5,"column":20},"end":{"line":5,"column":21}},"loc":{"start":{"line":5,"column":40},"end":{"line":15,"column":1}},"line":5},"1":{"name":"(anonymous_1)","decl":{"start":{"line":16,"column":19},"end":{"line":16,"column":20}},"loc":{"start":{"line":16,"column":39},"end":{"line":27,"column":1}},"line":16},"2":{"name":"(anonymous_2)","decl":{"start":{"line":29,"column":19},"end":{"line":29,"column":20}},"loc":{"start":{"line":29,"column":39},"end":{"line":40,"column":1}},"line":29},"3":{"name":"(anonymous_3)","decl":{"start":{"line":42,"column":19},"end":{"line":42,"column":20}},"loc":{"start":{"line":42,"column":39},"end":{"line":53,"column":1}},"line":42},"4":{"name":"(anonymous_4)","decl":{"start":{"line":55,"column":19},"end":{"line":55,"column":20}},"loc":{"start":{"line":55,"column":39},"end":{"line":66,"column":1}},"line":55}},"branchMap":{},"s":{"0":2,"1":0,"2":0,"3":0,"4":0,"5":2,"6":1,"7":1,"8":0,"9":0,"10":2,"11":0,"12":0,"13":0,"14":0,"15":0,"16":2,"17":0,"18":0,"19":0,"20":0,"21":0,"22":2,"23":0,"24":0,"25":0,"26":0,"27":0,"28":0},"f":{"0":0,"1":1,"2":0,"3":0,"4":0},"b":{},"_coverageSchema":"1a1c01bbd47fc00a2c39e90264f33305004495a9","hash":"31f8db467d61c9cbed93006ab3a26d749cfb45f7"}
,"C:\\Users\\ryan-fab\\Documents\\BackEnd\\src\\controller\\commentController.js": {"path":"C:\\Users\\ryan-fab\\Documents\\BackEnd\\src\\controller\\commentController.js","statementMap":{"0":{"start":{"line":4,"column":23},"end":{"line":24,"column":1}},"1":{"start":{"line":5,"column":2},"end":{"line":23,"column":3}},"2":{"start":{"line":6,"column":19},"end":{"line":6,"column":32}},"3":{"start":{"line":7,"column":23},"end":{"line":12,"column":6}},"4":{"start":{"line":13,"column":21},"end":{"line":13,"column":53}},"5":{"start":{"line":14,"column":4},"end":{"line":14,"column":39}},"6":{"start":{"line":15,"column":4},"end":{"line":20,"column":7}},"7":{"start":{"line":16,"column":6},"end":{"line":19,"column":9}},"8":{"start":{"line":22,"column":4},"end":{"line":22,"column":23}},"9":{"start":{"line":26,"column":22},"end":{"line":37,"column":1}},"10":{"start":{"line":27,"column":2},"end":{"line":36,"column":3}},"11":{"start":{"line":28,"column":19},"end":{"line":28,"column":32}},"12":{"start":{"line":29,"column":23},"end":{"line":29,"column":76}},"13":{"start":{"line":30,"column":4},"end":{"line":33,"column":7}},"14":{"start":{"line":35,"column":4},"end":{"line":35,"column":23}}},"fnMap":{"0":{"name":"(anonymous_0)","decl":{"start":{"line":4,"column":23},"end":{"line":4,"column":24}},"loc":{"start":{"line":4,"column":43},"end":{"line":24,"column":1}},"line":4},"1":{"name":"(anonymous_1)","decl":{"start":{"line":15,"column":24},"end":{"line":15,"column":25}},"loc":{"start":{"line":15,"column":41},"end":{"line":20,"column":5}},"line":15},"2":{"name":"(anonymous_2)","decl":{"start":{"line":26,"column":22},"end":{"line":26,"column":23}},"loc":{"start":{"line":26,"column":42},"end":{"line":37,"column":1}},"line":26}},"branchMap":{},"s":{"0":2,"1":0,"2":0,"3":0,"4":0,"5":0,"6":0,"7":0,"8":0,"9":2,"10":0,"11":0,"12":0,"13":0,"14":0},"f":{"0":0,"1":0,"2":0},"b":{},"_coverageSchema":"1a1c01bbd47fc00a2c39e90264f33305004495a9","hash":"a0c4f6154c21cdfa69415cf3b0b56652548b36fe"}
,"C:\\Users\\ryan-fab\\Documents\\BackEnd\\src\\controller\\loginController.js": {"path":"C:\\Users\\ryan-fab\\Documents\\BackEnd\\src\\controller\\loginController.js","statementMap":{"0":{"start":{"line":5,"column":18},"end":{"line":38,"column":1}},"1":{"start":{"line":6,"column":2},"end":{"line":37,"column":20}},"2":{"start":{"line":7,"column":30},"end":{"line":7,"column":38}},"3":{"start":{"line":8,"column":22},"end":{"line":8,"column":63}},"4":{"start":{"line":9,"column":4},"end":{"line":36,"column":5}},"5":{"start":{"line":10,"column":6},"end":{"line":31,"column":9}},"6":{"start":{"line":11,"column":8},"end":{"line":16,"column":9}},"7":{"start":{"line":12,"column":10},"end":{"line":12,"column":29}},"8":{"start":{"line":13,"column":10},"end":{"line":15,"column":13}},"9":{"start":{"line":17,"column":8},"end":{"line":30,"column":9}},"10":{"start":{"line":18,"column":24},"end":{"line":21,"column":12}},"11":{"start":{"line":22,"column":10},"end":{"line":25,"column":13}},"12":{"start":{"line":27,"column":10},"end":{"line":29,"column":13}},"13":{"start":{"line":33,"column":6},"end":{"line":35,"column":9}}},"fnMap":{"0":{"name":"(anonymous_0)","decl":{"start":{"line":5,"column":18},"end":{"line":5,"column":19}},"loc":{"start":{"line":5,"column":38},"end":{"line":38,"column":1}},"line":5},"1":{"name":"(anonymous_1)","decl":{"start":{"line":10,"column":51},"end":{"line":10,"column":52}},"loc":{"start":{"line":10,"column":74},"end":{"line":31,"column":7}},"line":10}},"branchMap":{"0":{"loc":{"start":{"line":9,"column":4},"end":{"line":36,"column":5}},"type":"if","locations":[{"start":{"line":9,"column":4},"end":{"line":36,"column":5}},{"start":{"line":32,"column":11},"end":{"line":36,"column":5}}],"line":9},"1":{"loc":{"start":{"line":11,"column":8},"end":{"line":16,"column":9}},"type":"if","locations":[{"start":{"line":11,"column":8},"end":{"line":16,"column":9}},{"start":{},"end":{}}],"line":11},"2":{"loc":{"start":{"line":17,"column":8},"end":{"line":30,"column":9}},"type":"if","locations":[{"start":{"line":17,"column":8},"end":{"line":30,"column":9}},{"start":{"line":26,"column":15},"end":{"line":30,"column":9}}],"line":17}},"s":{"0":2,"1":0,"2":0,"3":0,"4":0,"5":0,"6":0,"7":0,"8":0,"9":0,"10":0,"11":0,"12":0,"13":0},"f":{"0":0,"1":0},"b":{"0":[0,0],"1":[0,0],"2":[0,0]},"_coverageSchema":"1a1c01bbd47fc00a2c39e90264f33305004495a9","hash":"3a748eef3ec4b231474919dd00978adcee2a023c"}
,"C:\\Users\\ryan-fab\\Documents\\BackEnd\\src\\controller\\logoutController.js": {"path":"C:\\Users\\ryan-fab\\Documents\\BackEnd\\src\\controller\\logoutController.js","statementMap":{"0":{"start":{"line":2,"column":15},"end":{"line":17,"column":1}},"1":{"start":{"line":3,"column":14},"end":{"line":3,"column":53}},"2":{"start":{"line":4,"column":2},"end":{"line":16,"column":3}},"3":{"start":{"line":5,"column":31},"end":{"line":5,"column":77}},"4":{"start":{"line":7,"column":37},"end":{"line":10,"column":5}},"5":{"start":{"line":12,"column":4},"end":{"line":12,"column":47}},"6":{"start":{"line":13,"column":4},"end":{"line":13,"column":42}},"7":{"start":{"line":15,"column":4},"end":{"line":15,"column":45}}},"fnMap":{"0":{"name":"(anonymous_0)","decl":{"start":{"line":2,"column":15},"end":{"line":2,"column":16}},"loc":{"start":{"line":2,"column":35},"end":{"line":17,"column":1}},"line":2}},"branchMap":{},"s":{"0":2,"1":0,"2":0,"3":0,"4":0,"5":0,"6":0,"7":0},"f":{"0":0},"b":{},"_coverageSchema":"1a1c01bbd47fc00a2c39e90264f33305004495a9","hash":"67a5471f87ae820ada21ce23fe6533f02d780b7e"}
,"C:\\Users\\ryan-fab\\Documents\\BackEnd\\src\\controller\\userController.js": {"path":"C:\\Users\\ryan-fab\\Documents\\BackEnd\\src\\controller\\userController.js","statementMap":{"0":{"start":{"line":3,"column":17},"end":{"line":31,"column":1}},"1":{"start":{"line":4,"column":2},"end":{"line":30,"column":3}},"2":{"start":{"line":5,"column":22},"end":{"line":5,"column":30}},"3":{"start":{"line":6,"column":22},"end":{"line":6,"column":75}},"4":{"start":{"line":7,"column":4},"end":{"line":25,"column":5}},"5":{"start":{"line":8,"column":6},"end":{"line":10,"column":9}},"6":{"start":{"line":12,"column":27},"end":{"line":12,"column":65}},"7":{"start":{"line":13,"column":22},"end":{"line":19,"column":8}},"8":{"start":{"line":21,"column":6},"end":{"line":24,"column":9}},"9":{"start":{"line":27,"column":4},"end":{"line":29,"column":7}},"10":{"start":{"line":33,"column":19},"end":{"line":44,"column":1}},"11":{"start":{"line":34,"column":2},"end":{"line":43,"column":3}},"12":{"start":{"line":35,"column":20},"end":{"line":35,"column":43}},"13":{"start":{"line":36,"column":4},"end":{"line":40,"column":7}},"14":{"start":{"line":42,"column":4},"end":{"line":42,"column":23}},"15":{"start":{"line":46,"column":19},"end":{"line":57,"column":1}},"16":{"start":{"line":47,"column":2},"end":{"line":56,"column":3}},"17":{"start":{"line":48,"column":19},"end":{"line":48,"column":32}},"18":{"start":{"line":49,"column":20},"end":{"line":49,"column":53}},"19":{"start":{"line":50,"column":4},"end":{"line":53,"column":7}},"20":{"start":{"line":55,"column":4},"end":{"line":55,"column":23}},"21":{"start":{"line":59,"column":19},"end":{"line":77,"column":1}},"22":{"start":{"line":60,"column":2},"end":{"line":76,"column":3}},"23":{"start":{"line":61,"column":19},"end":{"line":61,"column":32}},"24":{"start":{"line":62,"column":25},"end":{"line":62,"column":63}},"25":{"start":{"line":64,"column":23},"end":{"line":70,"column":6}},"26":{"start":{"line":71,"column":4},"end":{"line":73,"column":7}},"27":{"start":{"line":75,"column":4},"end":{"line":75,"column":61}},"28":{"start":{"line":79,"column":19},"end":{"line":89,"column":1}},"29":{"start":{"line":80,"column":2},"end":{"line":88,"column":3}},"30":{"start":{"line":81,"column":19},"end":{"line":81,"column":32}},"31":{"start":{"line":82,"column":23},"end":{"line":82,"column":65}},"32":{"start":{"line":83,"column":4},"end":{"line":85,"column":7}},"33":{"start":{"line":87,"column":4},"end":{"line":87,"column":23}}},"fnMap":{"0":{"name":"(anonymous_0)","decl":{"start":{"line":3,"column":17},"end":{"line":3,"column":18}},"loc":{"start":{"line":3,"column":37},"end":{"line":31,"column":1}},"line":3},"1":{"name":"(anonymous_1)","decl":{"start":{"line":33,"column":19},"end":{"line":33,"column":20}},"loc":{"start":{"line":33,"column":39},"end":{"line":44,"column":1}},"line":33},"2":{"name":"(anonymous_2)","decl":{"start":{"line":46,"column":19},"end":{"line":46,"column":20}},"loc":{"start":{"line":46,"column":39},"end":{"line":57,"column":1}},"line":46},"3":{"name":"(anonymous_3)","decl":{"start":{"line":59,"column":19},"end":{"line":59,"column":20}},"loc":{"start":{"line":59,"column":39},"end":{"line":77,"column":1}},"line":59},"4":{"name":"(anonymous_4)","decl":{"start":{"line":79,"column":19},"end":{"line":79,"column":20}},"loc":{"start":{"line":79,"column":39},"end":{"line":89,"column":1}},"line":79}},"branchMap":{"0":{"loc":{"start":{"line":7,"column":4},"end":{"line":25,"column":5}},"type":"if","locations":[{"start":{"line":7,"column":4},"end":{"line":25,"column":5}},{"start":{"line":11,"column":11},"end":{"line":25,"column":5}}],"line":7}},"s":{"0":2,"1":2,"2":2,"3":2,"4":0,"5":0,"6":0,"7":0,"8":0,"9":0,"10":2,"11":0,"12":0,"13":0,"14":0,"15":2,"16":0,"17":0,"18":0,"19":0,"20":0,"21":2,"22":0,"23":0,"24":0,"25":0,"26":0,"27":0,"28":2,"29":0,"30":0,"31":0,"32":0,"33":0},"f":{"0":2,"1":0,"2":0,"3":0,"4":0},"b":{"0":[0,0]},"_coverageSchema":"1a1c01bbd47fc00a2c39e90264f33305004495a9","hash":"20fe6a1ba18b9ec9cd6b7db06be15d5912633cd6"}
,"C:\\Users\\ryan-fab\\Documents\\BackEnd\\src\\database\\databaseMongoose.js": {"path":"C:\\Users\\ryan-fab\\Documents\\BackEnd\\src\\database\\databaseMongoose.js","statementMap":{"0":{"start":{"line":3,"column":0},"end":{"line":3,"column":16}},"1":{"start":{"line":4,"column":18},"end":{"line":6,"column":39}}},"fnMap":{},"branchMap":{},"s":{"0":2,"1":2},"f":{},"b":{},"_coverageSchema":"1a1c01bbd47fc00a2c39e90264f33305004495a9","hash":"3730996342be7dbc6fe252fccec01ee9903674a9"}
,"C:\\Users\\ryan-fab\\Documents\\BackEnd\\src\\middleware\\auth.js": {"path":"C:\\Users\\ryan-fab\\Documents\\BackEnd\\src\\middleware\\auth.js","statementMap":{"0":{"start":{"line":3,"column":20},"end":{"line":3,"column":43}},"1":{"start":{"line":5,"column":18},"end":{"line":7,"column":1}},"2":{"start":{"line":6,"column":2},"end":{"line":6,"column":65}}},"fnMap":{"0":{"name":"(anonymous_0)","decl":{"start":{"line":5,"column":18},"end":{"line":5,"column":19}},"loc":{"start":{"line":5,"column":31},"end":{"line":7,"column":1}},"line":5}},"branchMap":{},"s":{"0":2,"1":2,"2":0},"f":{"0":0},"b":{},"_coverageSchema":"1a1c01bbd47fc00a2c39e90264f33305004495a9","hash":"88974b08fbf1e613c0a40bad57468d9758fa118a"}
,"C:\\Users\\ryan-fab\\Documents\\BackEnd\\src\\middleware\\is_auth.js": {"path":"C:\\Users\\ryan-fab\\Documents\\BackEnd\\src\\middleware\\is_auth.js","statementMap":{"0":{"start":{"line":3,"column":20},"end":{"line":3,"column":43}},"1":{"start":{"line":5,"column":20},"end":{"line":14,"column":1}},"2":{"start":{"line":6,"column":2},"end":{"line":6,"column":50}},"3":{"start":{"line":7,"column":2},"end":{"line":9,"column":3}},"4":{"start":{"line":8,"column":4},"end":{"line":8,"column":72}},"5":{"start":{"line":10,"column":15},"end":{"line":10,"column":45}},"6":{"start":{"line":11,"column":2},"end":{"line":11,"column":18}},"7":{"start":{"line":13,"column":2},"end":{"line":13,"column":9}},"8":{"start":{"line":16,"column":16},"end":{"line":24,"column":1}},"9":{"start":{"line":17,"column":15},"end":{"line":17,"column":23}},"10":{"start":{"line":19,"column":2},"end":{"line":19,"column":42}},"11":{"start":{"line":19,"column":28},"end":{"line":19,"column":42}},"12":{"start":{"line":20,"column":2},"end":{"line":23,"column":5}}},"fnMap":{"0":{"name":"(anonymous_0)","decl":{"start":{"line":5,"column":20},"end":{"line":5,"column":21}},"loc":{"start":{"line":5,"column":40},"end":{"line":14,"column":1}},"line":5},"1":{"name":"(anonymous_1)","decl":{"start":{"line":16,"column":16},"end":{"line":16,"column":17}},"loc":{"start":{"line":16,"column":36},"end":{"line":24,"column":1}},"line":16}},"branchMap":{"0":{"loc":{"start":{"line":7,"column":2},"end":{"line":9,"column":3}},"type":"if","locations":[{"start":{"line":7,"column":2},"end":{"line":9,"column":3}},{"start":{},"end":{}}],"line":7},"1":{"loc":{"start":{"line":19,"column":2},"end":{"line":19,"column":42}},"type":"if","locations":[{"start":{"line":19,"column":2},"end":{"line":19,"column":42}},{"start":{},"end":{}}],"line":19}},"s":{"0":2,"1":2,"2":1,"3":0,"4":0,"5":0,"6":0,"7":0,"8":2,"9":0,"10":0,"11":0,"12":0},"f":{"0":1,"1":0},"b":{"0":[0,0],"1":[0,0]},"_coverageSchema":"1a1c01bbd47fc00a2c39e90264f33305004495a9","hash":"822497493e1d8218fd5b67b30d008609412fc230"}
,"C:\\Users\\ryan-fab\\Documents\\BackEnd\\src\\model\\blogModel.js": {"path":"C:\\Users\\ryan-fab\\Documents\\BackEnd\\src\\model\\blogModel.js","statementMap":{"0":{"start":{"line":3,"column":15},"end":{"line":3,"column":30}},"1":{"start":{"line":4,"column":19},"end":{"line":19,"column":2}}},"fnMap":{},"branchMap":{},"s":{"0":2,"1":2},"f":{},"b":{},"_coverageSchema":"1a1c01bbd47fc00a2c39e90264f33305004495a9","hash":"f5a22c8fedf6d5f01d72a2e55323450c44eb72c8"}
,"C:\\Users\\ryan-fab\\Documents\\BackEnd\\src\\model\\commentModel.js": {"path":"C:\\Users\\ryan-fab\\Documents\\BackEnd\\src\\model\\commentModel.js","statementMap":{"0":{"start":{"line":3,"column":15},"end":{"line":3,"column":30}},"1":{"start":{"line":4,"column":22},"end":{"line":27,"column":2}}},"fnMap":{},"branchMap":{},"s":{"0":2,"1":2},"f":{},"b":{},"_coverageSchema":"1a1c01bbd47fc00a2c39e90264f33305004495a9","hash":"7b000ce47154a5c41b0150778ed171fe2c83c08a"}
,"C:\\Users\\ryan-fab\\Documents\\BackEnd\\src\\model\\messageModel.js": {"path":"C:\\Users\\ryan-fab\\Documents\\BackEnd\\src\\model\\messageModel.js","statementMap":{"0":{"start":{"line":2,"column":15},"end":{"line":2,"column":30}},"1":{"start":{"line":3,"column":22},"end":{"line":8,"column":2}}},"fnMap":{},"branchMap":{},"s":{"0":2,"1":2},"f":{},"b":{},"_coverageSchema":"1a1c01bbd47fc00a2c39e90264f33305004495a9","hash":"4f74cb709b216385bb1555a8a8dcf69b101adbfd"}
,"C:\\Users\\ryan-fab\\Documents\\BackEnd\\src\\model\\userModel.js": {"path":"C:\\Users\\ryan-fab\\Documents\\BackEnd\\src\\model\\userModel.js","statementMap":{"0":{"start":{"line":2,"column":15},"end":{"line":2,"column":30}},"1":{"start":{"line":3,"column":19},"end":{"line":21,"column":2}}},"fnMap":{},"branchMap":{},"s":{"0":2,"1":2},"f":{},"b":{},"_coverageSchema":"1a1c01bbd47fc00a2c39e90264f33305004495a9","hash":"39ec5041b2a166ddf805b5ce36b7c9d5150487cb"}
,"C:\\Users\\ryan-fab\\Documents\\BackEnd\\src\\router\\router.js": {"path":"C:\\Users\\ryan-fab\\Documents\\BackEnd\\src\\router\\router.js","statementMap":{"0":{"start":{"line":35,"column":15},"end":{"line":35,"column":31}},"1":{"start":{"line":37,"column":0},"end":{"line":37,"column":61}},"2":{"start":{"line":38,"column":0},"end":{"line":38,"column":66}},"3":{"start":{"line":39,"column":0},"end":{"line":39,"column":46}},"4":{"start":{"line":40,"column":0},"end":{"line":40,"column":68}},"5":{"start":{"line":41,"column":0},"end":{"line":41,"column":73}},"6":{"start":{"line":44,"column":0},"end":{"line":44,"column":32}},"7":{"start":{"line":45,"column":0},"end":{"line":45,"column":70}},"8":{"start":{"line":46,"column":0},"end":{"line":46,"column":36}},"9":{"start":{"line":47,"column":0},"end":{"line":47,"column":74}},"10":{"start":{"line":48,"column":0},"end":{"line":48,"column":61}},"11":{"start":{"line":52,"column":0},"end":{"line":52,"column":80}},"12":{"start":{"line":53,"column":0},"end":{"line":53,"column":47}},"13":{"start":{"line":56,"column":0},"end":{"line":56,"column":54}},"14":{"start":{"line":57,"column":0},"end":{"line":57,"column":46}},"15":{"start":{"line":58,"column":0},"end":{"line":58,"column":58}},"16":{"start":{"line":59,"column":0},"end":{"line":59,"column":75}},"17":{"start":{"line":60,"column":0},"end":{"line":60,"column":61}},"18":{"start":{"line":64,"column":0},"end":{"line":64,"column":33}},"19":{"start":{"line":65,"column":0},"end":{"line":65,"column":31}}},"fnMap":{},"branchMap":{},"s":{"0":2,"1":2,"2":2,"3":2,"4":2,"5":2,"6":2,"7":2,"8":2,"9":2,"10":2,"11":2,"12":2,"13":2,"14":2,"15":2,"16":2,"17":2,"18":2,"19":2},"f":{},"b":{},"_coverageSchema":"1a1c01bbd47fc00a2c39e90264f33305004495a9","hash":"e9aa30a4621c9983bbbcdb19e152c280ec7b3619"}
,"C:\\Users\\ryan-fab\\Documents\\BackEnd\\src\\validator\\blogValidator.js": {"path":"C:\\Users\\ryan-fab\\Documents\\BackEnd\\src\\validator\\blogValidator.js","statementMap":{"0":{"start":{"line":1,"column":21},"end":{"line":25,"column":1}},"1":{"start":{"line":3,"column":4},"end":{"line":3,"column":12}},"2":{"start":{"line":4,"column":2},"end":{"line":8,"column":3}},"3":{"start":{"line":5,"column":4},"end":{"line":7,"column":7}},"4":{"start":{"line":9,"column":2},"end":{"line":13,"column":3}},"5":{"start":{"line":10,"column":4},"end":{"line":12,"column":7}},"6":{"start":{"line":14,"column":2},"end":{"line":18,"column":3}},"7":{"start":{"line":15,"column":4},"end":{"line":17,"column":7}},"8":{"start":{"line":19,"column":2},"end":{"line":23,"column":3}},"9":{"start":{"line":20,"column":4},"end":{"line":22,"column":7}},"10":{"start":{"line":24,"column":2},"end":{"line":24,"column":9}}},"fnMap":{"0":{"name":"(anonymous_0)","decl":{"start":{"line":1,"column":21},"end":{"line":1,"column":22}},"loc":{"start":{"line":1,"column":41},"end":{"line":25,"column":1}},"line":1}},"branchMap":{"0":{"loc":{"start":{"line":4,"column":2},"end":{"line":8,"column":3}},"type":"if","locations":[{"start":{"line":4,"column":2},"end":{"line":8,"column":3}},{"start":{},"end":{}}],"line":4},"1":{"loc":{"start":{"line":9,"column":2},"end":{"line":13,"column":3}},"type":"if","locations":[{"start":{"line":9,"column":2},"end":{"line":13,"column":3}},{"start":{},"end":{}}],"line":9},"2":{"loc":{"start":{"line":14,"column":2},"end":{"line":18,"column":3}},"type":"if","locations":[{"start":{"line":14,"column":2},"end":{"line":18,"column":3}},{"start":{},"end":{}}],"line":14},"3":{"loc":{"start":{"line":19,"column":2},"end":{"line":23,"column":3}},"type":"if","locations":[{"start":{"line":19,"column":2},"end":{"line":23,"column":3}},{"start":{},"end":{}}],"line":19}},"s":{"0":2,"1":0,"2":0,"3":0,"4":0,"5":0,"6":0,"7":0,"8":0,"9":0,"10":0},"f":{"0":0},"b":{"0":[0,0],"1":[0,0],"2":[0,0],"3":[0,0]},"_coverageSchema":"1a1c01bbd47fc00a2c39e90264f33305004495a9","hash":"5aeebe14dba8057cdb1f22f0e1dd8460ebd8f1cb"}
,"C:\\Users\\ryan-fab\\Documents\\BackEnd\\src\\validator\\commentValidator.js": {"path":"C:\\Users\\ryan-fab\\Documents\\BackEnd\\src\\validator\\commentValidator.js","statementMap":{"0":{"start":{"line":1,"column":25},"end":{"line":31,"column":1}},"1":{"start":{"line":2,"column":37},"end":{"line":2,"column":45}},"2":{"start":{"line":3,"column":2},"end":{"line":7,"column":3}},"3":{"start":{"line":4,"column":4},"end":{"line":6,"column":7}},"4":{"start":{"line":8,"column":2},"end":{"line":12,"column":3}},"5":{"start":{"line":9,"column":4},"end":{"line":11,"column":7}},"6":{"start":{"line":13,"column":2},"end":{"line":17,"column":3}},"7":{"start":{"line":14,"column":4},"end":{"line":16,"column":7}},"8":{"start":{"line":18,"column":16},"end":{"line":18,"column":34}},"9":{"start":{"line":19,"column":17},"end":{"line":19,"column":39}},"10":{"start":{"line":20,"column":2},"end":{"line":24,"column":3}},"11":{"start":{"line":21,"column":4},"end":{"line":23,"column":7}},"12":{"start":{"line":25,"column":2},"end":{"line":29,"column":3}},"13":{"start":{"line":26,"column":4},"end":{"line":28,"column":7}},"14":{"start":{"line":30,"column":2},"end":{"line":30,"column":9}}},"fnMap":{"0":{"name":"(anonymous_0)","decl":{"start":{"line":1,"column":25},"end":{"line":1,"column":26}},"loc":{"start":{"line":1,"column":45},"end":{"line":31,"column":1}},"line":1}},"branchMap":{"0":{"loc":{"start":{"line":3,"column":2},"end":{"line":7,"column":3}},"type":"if","locations":[{"start":{"line":3,"column":2},"end":{"line":7,"column":3}},{"start":{},"end":{}}],"line":3},"1":{"loc":{"start":{"line":3,"column":6},"end":{"line":3,"column":33}},"type":"binary-expr","locations":[{"start":{"line":3,"column":6},"end":{"line":3,"column":20}},{"start":{"line":3,"column":24},"end":{"line":3,"column":33}}],"line":3},"2":{"loc":{"start":{"line":8,"column":2},"end":{"line":12,"column":3}},"type":"if","locations":[{"start":{"line":8,"column":2},"end":{"line":12,"column":3}},{"start":{},"end":{}}],"line":8},"3":{"loc":{"start":{"line":8,"column":6},"end":{"line":8,"column":27}},"type":"binary-expr","locations":[{"start":{"line":8,"column":6},"end":{"line":8,"column":17}},{"start":{"line":8,"column":21},"end":{"line":8,"column":27}}],"line":8},"4":{"loc":{"start":{"line":13,"column":2},"end":{"line":17,"column":3}},"type":"if","locations":[{"start":{"line":13,"column":2},"end":{"line":17,"column":3}},{"start":{},"end":{}}],"line":13},"5":{"loc":{"start":{"line":13,"column":6},"end":{"line":13,"column":50}},"type":"binary-expr","locations":[{"start":{"line":13,"column":6},"end":{"line":13,"column":26}},{"start":{"line":13,"column":30},"end":{"line":13,"column":50}}],"line":13},"6":{"loc":{"start":{"line":20,"column":2},"end":{"line":24,"column":3}},"type":"if","locations":[{"start":{"line":20,"column":2},"end":{"line":24,"column":3}},{"start":{},"end":{}}],"line":20},"7":{"loc":{"start":{"line":20,"column":6},"end":{"line":20,"column":37}},"type":"binary-expr","locations":[{"start":{"line":20,"column":6},"end":{"line":20,"column":15}},{"start":{"line":20,"column":19},"end":{"line":20,"column":37}}],"line":20},"8":{"loc":{"start":{"line":25,"column":2},"end":{"line":29,"column":3}},"type":"if","locations":[{"start":{"line":25,"column":2},"end":{"line":29,"column":3}},{"start":{},"end":{}}],"line":25},"9":{"loc":{"start":{"line":25,"column":6},"end":{"line":25,"column":31}},"type":"binary-expr","locations":[{"start":{"line":25,"column":6},"end":{"line":25,"column":19}},{"start":{"line":25,"column":23},"end":{"line":25,"column":31}}],"line":25}},"s":{"0":2,"1":0,"2":0,"3":0,"4":0,"5":0,"6":0,"7":0,"8":0,"9":0,"10":0,"11":0,"12":0,"13":0,"14":0},"f":{"0":0},"b":{"0":[0,0],"1":[0,0],"2":[0,0],"3":[0,0],"4":[0,0],"5":[0,0],"6":[0,0],"7":[0,0],"8":[0,0],"9":[0,0]},"_coverageSchema":"1a1c01bbd47fc00a2c39e90264f33305004495a9","hash":"15734ce7bc99648edfed4a22473dd764730a68f1"}
,"C:\\Users\\ryan-fab\\Documents\\BackEnd\\src\\validator\\messageValidator.js": {"path":"C:\\Users\\ryan-fab\\Documents\\BackEnd\\src\\validator\\messageValidator.js","statementMap":{"0":{"start":{"line":1,"column":25},"end":{"line":31,"column":1}},"1":{"start":{"line":2,"column":33},"end":{"line":2,"column":41}},"2":{"start":{"line":3,"column":2},"end":{"line":7,"column":3}},"3":{"start":{"line":4,"column":4},"end":{"line":6,"column":7}},"4":{"start":{"line":8,"column":2},"end":{"line":12,"column":3}},"5":{"start":{"line":9,"column":4},"end":{"line":11,"column":7}},"6":{"start":{"line":13,"column":2},"end":{"line":17,"column":3}},"7":{"start":{"line":14,"column":4},"end":{"line":16,"column":7}},"8":{"start":{"line":18,"column":2},"end":{"line":22,"column":3}},"9":{"start":{"line":19,"column":4},"end":{"line":21,"column":7}},"10":{"start":{"line":23,"column":16},"end":{"line":23,"column":34}},"11":{"start":{"line":24,"column":17},"end":{"line":24,"column":39}},"12":{"start":{"line":25,"column":2},"end":{"line":29,"column":3}},"13":{"start":{"line":26,"column":4},"end":{"line":28,"column":7}},"14":{"start":{"line":30,"column":2},"end":{"line":30,"column":9}}},"fnMap":{"0":{"name":"(anonymous_0)","decl":{"start":{"line":1,"column":25},"end":{"line":1,"column":26}},"loc":{"start":{"line":1,"column":45},"end":{"line":31,"column":1}},"line":1}},"branchMap":{"0":{"loc":{"start":{"line":3,"column":2},"end":{"line":7,"column":3}},"type":"if","locations":[{"start":{"line":3,"column":2},"end":{"line":7,"column":3}},{"start":{},"end":{}}],"line":3},"1":{"loc":{"start":{"line":8,"column":2},"end":{"line":12,"column":3}},"type":"if","locations":[{"start":{"line":8,"column":2},"end":{"line":12,"column":3}},{"start":{},"end":{}}],"line":8},"2":{"loc":{"start":{"line":13,"column":2},"end":{"line":17,"column":3}},"type":"if","locations":[{"start":{"line":13,"column":2},"end":{"line":17,"column":3}},{"start":{},"end":{}}],"line":13},"3":{"loc":{"start":{"line":18,"column":2},"end":{"line":22,"column":3}},"type":"if","locations":[{"start":{"line":18,"column":2},"end":{"line":22,"column":3}},{"start":{},"end":{}}],"line":18},"4":{"loc":{"start":{"line":18,"column":6},"end":{"line":18,"column":50}},"type":"binary-expr","locations":[{"start":{"line":18,"column":6},"end":{"line":18,"column":26}},{"start":{"line":18,"column":30},"end":{"line":18,"column":50}}],"line":18},"5":{"loc":{"start":{"line":25,"column":2},"end":{"line":29,"column":3}},"type":"if","locations":[{"start":{"line":25,"column":2},"end":{"line":29,"column":3}},{"start":{},"end":{}}],"line":25},"6":{"loc":{"start":{"line":25,"column":6},"end":{"line":25,"column":37}},"type":"binary-expr","locations":[{"start":{"line":25,"column":6},"end":{"line":25,"column":15}},{"start":{"line":25,"column":19},"end":{"line":25,"column":37}}],"line":25}},"s":{"0":2,"1":0,"2":0,"3":0,"4":0,"5":0,"6":0,"7":0,"8":0,"9":0,"10":0,"11":0,"12":0,"13":0,"14":0},"f":{"0":0},"b":{"0":[0,0],"1":[0,0],"2":[0,0],"3":[0,0],"4":[0,0],"5":[0,0],"6":[0,0]},"_coverageSchema":"1a1c01bbd47fc00a2c39e90264f33305004495a9","hash":"07e1a89d72749096efdd8a6ddabaccc7d9bc0450"}
,"C:\\Users\\ryan-fab\\Documents\\BackEnd\\src\\validator\\userValidator.js": {"path":"C:\\Users\\ryan-fab\\Documents\\BackEnd\\src\\validator\\userValidator.js","statementMap":{"0":{"start":{"line":1,"column":22},"end":{"line":64,"column":1}},"1":{"start":{"line":3,"column":4},"end":{"line":3,"column":12}},"2":{"start":{"line":4,"column":2},"end":{"line":8,"column":3}},"3":{"start":{"line":5,"column":4},"end":{"line":7,"column":7}},"4":{"start":{"line":9,"column":2},"end":{"line":13,"column":3}},"5":{"start":{"line":10,"column":4},"end":{"line":12,"column":7}},"6":{"start":{"line":14,"column":2},"end":{"line":18,"column":3}},"7":{"start":{"line":15,"column":4},"end":{"line":17,"column":7}},"8":{"start":{"line":19,"column":2},"end":{"line":23,"column":3}},"9":{"start":{"line":20,"column":4},"end":{"line":22,"column":7}},"10":{"start":{"line":24,"column":2},"end":{"line":28,"column":3}},"11":{"start":{"line":25,"column":4},"end":{"line":27,"column":7}},"12":{"start":{"line":29,"column":16},"end":{"line":29,"column":34}},"13":{"start":{"line":30,"column":17},"end":{"line":30,"column":39}},"14":{"start":{"line":31,"column":2},"end":{"line":35,"column":3}},"15":{"start":{"line":32,"column":4},"end":{"line":34,"column":7}},"16":{"start":{"line":37,"column":2},"end":{"line":41,"column":3}},"17":{"start":{"line":38,"column":4},"end":{"line":40,"column":7}},"18":{"start":{"line":42,"column":2},"end":{"line":46,"column":3}},"19":{"start":{"line":43,"column":4},"end":{"line":45,"column":7}},"20":{"start":{"line":47,"column":2},"end":{"line":51,"column":3}},"21":{"start":{"line":48,"column":4},"end":{"line":50,"column":7}},"22":{"start":{"line":52,"column":2},"end":{"line":56,"column":3}},"23":{"start":{"line":53,"column":4},"end":{"line":55,"column":7}},"24":{"start":{"line":57,"column":2},"end":{"line":61,"column":3}},"25":{"start":{"line":58,"column":4},"end":{"line":60,"column":7}},"26":{"start":{"line":63,"column":2},"end":{"line":63,"column":9}}},"fnMap":{"0":{"name":"(anonymous_0)","decl":{"start":{"line":1,"column":22},"end":{"line":1,"column":23}},"loc":{"start":{"line":1,"column":42},"end":{"line":64,"column":1}},"line":1}},"branchMap":{"0":{"loc":{"start":{"line":4,"column":2},"end":{"line":8,"column":3}},"type":"if","locations":[{"start":{"line":4,"column":2},"end":{"line":8,"column":3}},{"start":{},"end":{}}],"line":4},"1":{"loc":{"start":{"line":4,"column":6},"end":{"line":4,"column":35}},"type":"binary-expr","locations":[{"start":{"line":4,"column":6},"end":{"line":4,"column":21}},{"start":{"line":4,"column":25},"end":{"line":4,"column":35}}],"line":4},"2":{"loc":{"start":{"line":9,"column":2},"end":{"line":13,"column":3}},"type":"if","locations":[{"start":{"line":9,"column":2},"end":{"line":13,"column":3}},{"start":{},"end":{}}],"line":9},"3":{"loc":{"start":{"line":9,"column":6},"end":{"line":9,"column":33}},"type":"binary-expr","locations":[{"start":{"line":9,"column":6},"end":{"line":9,"column":20}},{"start":{"line":9,"column":24},"end":{"line":9,"column":33}}],"line":9},"4":{"loc":{"start":{"line":14,"column":2},"end":{"line":18,"column":3}},"type":"if","locations":[{"start":{"line":14,"column":2},"end":{"line":18,"column":3}},{"start":{},"end":{}}],"line":14},"5":{"loc":{"start":{"line":14,"column":6},"end":{"line":14,"column":33}},"type":"binary-expr","locations":[{"start":{"line":14,"column":6},"end":{"line":14,"column":20}},{"start":{"line":14,"column":24},"end":{"line":14,"column":33}}],"line":14},"6":{"loc":{"start":{"line":19,"column":2},"end":{"line":23,"column":3}},"type":"if","locations":[{"start":{"line":19,"column":2},"end":{"line":23,"column":3}},{"start":{},"end":{}}],"line":19},"7":{"loc":{"start":{"line":19,"column":6},"end":{"line":19,"column":27}},"type":"binary-expr","locations":[{"start":{"line":19,"column":6},"end":{"line":19,"column":17}},{"start":{"line":19,"column":21},"end":{"line":19,"column":27}}],"line":19},"8":{"loc":{"start":{"line":24,"column":2},"end":{"line":28,"column":3}},"type":"if","locations":[{"start":{"line":24,"column":2},"end":{"line":28,"column":3}},{"start":{},"end":{}}],"line":24},"9":{"loc":{"start":{"line":24,"column":6},"end":{"line":24,"column":50}},"type":"binary-expr","locations":[{"start":{"line":24,"column":6},"end":{"line":24,"column":26}},{"start":{"line":24,"column":30},"end":{"line":24,"column":50}}],"line":24},"10":{"loc":{"start":{"line":31,"column":2},"end":{"line":35,"column":3}},"type":"if","locations":[{"start":{"line":31,"column":2},"end":{"line":35,"column":3}},{"start":{},"end":{}}],"line":31},"11":{"loc":{"start":{"line":31,"column":6},"end":{"line":31,"column":37}},"type":"binary-expr","locations":[{"start":{"line":31,"column":6},"end":{"line":31,"column":15}},{"start":{"line":31,"column":19},"end":{"line":31,"column":37}}],"line":31},"12":{"loc":{"start":{"line":37,"column":2},"end":{"line":41,"column":3}},"type":"if","locations":[{"start":{"line":37,"column":2},"end":{"line":41,"column":3}},{"start":{},"end":{}}],"line":37},"13":{"loc":{"start":{"line":37,"column":6},"end":{"line":37,"column":33}},"type":"binary-expr","locations":[{"start":{"line":37,"column":6},"end":{"line":37,"column":20}},{"start":{"line":37,"column":24},"end":{"line":37,"column":33}}],"line":37},"14":{"loc":{"start":{"line":42,"column":2},"end":{"line":46,"column":3}},"type":"if","locations":[{"start":{"line":42,"column":2},"end":{"line":46,"column":3}},{"start":{},"end":{}}],"line":42},"15":{"loc":{"start":{"line":42,"column":6},"end":{"line":42,"column":47}},"type":"binary-expr","locations":[{"start":{"line":42,"column":6},"end":{"line":42,"column":27}},{"start":{"line":42,"column":31},"end":{"line":42,"column":47}}],"line":42},"16":{"loc":{"start":{"line":47,"column":2},"end":{"line":51,"column":3}},"type":"if","locations":[{"start":{"line":47,"column":2},"end":{"line":51,"column":3}},{"start":{},"end":{}}],"line":47},"17":{"loc":{"start":{"line":52,"column":2},"end":{"line":56,"column":3}},"type":"if","locations":[{"start":{"line":52,"column":2},"end":{"line":56,"column":3}},{"start":{},"end":{}}],"line":52},"18":{"loc":{"start":{"line":57,"column":2},"end":{"line":61,"column":3}},"type":"if","locations":[{"start":{"line":57,"column":2},"end":{"line":61,"column":3}},{"start":{},"end":{}}],"line":57}},"s":{"0":2,"1":2,"2":2,"3":0,"4":2,"5":0,"6":2,"7":0,"8":2,"9":0,"10":2,"11":0,"12":2,"13":2,"14":2,"15":0,"16":2,"17":0,"18":2,"19":0,"20":2,"21":0,"22":2,"23":0,"24":2,"25":0,"26":2},"f":{"0":2},"b":{"0":[0,2],"1":[2,2],"2":[0,2],"3":[2,2],"4":[0,2],"5":[2,2],"6":[0,2],"7":[2,2],"8":[0,2],"9":[2,2],"10":[0,2],"11":[2,2],"12":[0,2],"13":[2,2],"14":[0,2],"15":[2,2],"16":[0,2],"17":[0,2],"18":[0,2]},"_coverageSchema":"1a1c01bbd47fc00a2c39e90264f33305004495a9","hash":"448bceeca4af8b3a334d8a4278dcd0cd56d061eb"}
}
