TN:
SF:src\index.js
FNF:0
FNH:0
DA:5,2
DA:7,2
DA:8,2
DA:9,2
LF:4
LH:4
BRF:0
BRH:0
end_of_record
TN:
SF:src\controller\MessageController.js
FN:3,(anonymous_0)
FN:15,(anonymous_1)
FN:32,(anonymous_2)
FN:44,(anonymous_3)
FN:57,(anonymous_4)
FNF:5
FNH:0
FNDA:0,(anonymous_0)
FNDA:0,(anonymous_1)
FNDA:0,(anonymous_2)
FNDA:0,(anonymous_3)
FNDA:0,(anonymous_4)
DA:3,2
DA:4,0
DA:5,0
DA:6,0
DA:12,0
DA:15,2
DA:16,0
DA:17,0
DA:18,0
DA:24,0
DA:29,0
DA:32,2
DA:33,0
DA:34,0
DA:35,0
DA:36,0
DA:41,0
DA:44,2
DA:45,0
DA:46,0
DA:52,0
DA:57,2
DA:58,0
DA:59,0
DA:60,0
LF:25
LH:5
BRF:0
BRH:0
end_of_record
TN:
SF:src\controller\blogController.js
FN:5,(anonymous_0)
FN:16,(anonymous_1)
FN:29,(anonymous_2)
FN:42,(anonymous_3)
FN:55,(anonymous_4)
FNF:5
FNH:1
FNDA:0,(anonymous_0)
FNDA:1,(anonymous_1)
FNDA:0,(anonymous_2)
FNDA:0,(anonymous_3)
FNDA:0,(anonymous_4)
DA:5,2
DA:6,0
DA:7,0
DA:8,0
DA:13,0
DA:16,2
DA:17,1
DA:18,1
DA:19,0
DA:25,0
DA:29,2
DA:30,0
DA:31,0
DA:32,0
DA:33,0
DA:38,0
DA:42,2
DA:43,0
DA:44,0
DA:45,0
DA:46,0
DA:51,0
DA:55,2
DA:56,0
DA:57,0
DA:58,0
DA:59,0
DA:60,0
DA:64,0
LF:29
LH:7
BRF:0
BRH:0
end_of_record
TN:
SF:src\controller\commentController.js
FN:4,(anonymous_0)
FN:15,(anonymous_1)
FN:26,(anonymous_2)
FNF:3
FNH:0
FNDA:0,(anonymous_0)
FNDA:0,(anonymous_1)
FNDA:0,(anonymous_2)
DA:4,2
DA:5,0
DA:6,0
DA:7,0
DA:13,0
DA:14,0
DA:15,0
DA:16,0
DA:22,0
DA:26,2
DA:27,0
DA:28,0
DA:29,0
DA:30,0
DA:35,0
LF:15
LH:2
BRF:0
BRH:0
end_of_record
TN:
SF:src\controller\loginController.js
FN:5,(anonymous_0)
FN:10,(anonymous_1)
FNF:2
FNH:0
FNDA:0,(anonymous_0)
FNDA:0,(anonymous_1)
DA:5,2
DA:6,0
DA:7,0
DA:8,0
DA:9,0
DA:10,0
DA:11,0
DA:12,0
DA:13,0
DA:17,0
DA:18,0
DA:22,0
DA:27,0
DA:33,0
LF:14
LH:1
BRDA:9,0,0,0
BRDA:9,0,1,0
BRDA:11,1,0,0
BRDA:11,1,1,0
BRDA:17,2,0,0
BRDA:17,2,1,0
BRF:6
BRH:0
end_of_record
TN:
SF:src\controller\logoutController.js
FN:2,(anonymous_0)
FNF:1
FNH:0
FNDA:0,(anonymous_0)
DA:2,2
DA:3,0
DA:4,0
DA:5,0
DA:7,0
DA:12,0
DA:13,0
DA:15,0
LF:8
LH:1
BRF:0
BRH:0
end_of_record
TN:
SF:src\controller\userController.js
FN:3,(anonymous_0)
FN:33,(anonymous_1)
FN:46,(anonymous_2)
FN:59,(anonymous_3)
FN:79,(anonymous_4)
FNF:5
FNH:1
FNDA:2,(anonymous_0)
FNDA:0,(anonymous_1)
FNDA:0,(anonymous_2)
FNDA:0,(anonymous_3)
FNDA:0,(anonymous_4)
DA:3,2
DA:4,2
DA:5,2
DA:6,2
DA:7,0
DA:8,0
DA:12,0
DA:13,0
DA:21,0
DA:27,0
DA:33,2
DA:34,0
DA:35,0
DA:36,0
DA:42,0
DA:46,2
DA:47,0
DA:48,0
DA:49,0
DA:50,0
DA:55,0
DA:59,2
DA:60,0
DA:61,0
DA:62,0
DA:64,0
DA:71,0
DA:75,0
DA:79,2
DA:80,0
DA:81,0
DA:82,0
DA:83,0
DA:87,0
LF:34
LH:8
BRDA:7,0,0,0
BRDA:7,0,1,0
BRF:2
BRH:0
end_of_record
TN:
SF:src\database\databaseMongoose.js
FNF:0
FNH:0
DA:3,2
DA:4,2
LF:2
LH:2
BRF:0
BRH:0
end_of_record
TN:
SF:src\middleware\auth.js
FN:5,(anonymous_0)
FNF:1
FNH:0
FNDA:0,(anonymous_0)
DA:3,2
DA:5,2
DA:6,0
LF:3
LH:2
BRF:0
BRH:0
end_of_record
TN:
SF:src\middleware\is_auth.js
FN:5,(anonymous_0)
FN:16,(anonymous_1)
FNF:2
FNH:1
FNDA:1,(anonymous_0)
FNDA:0,(anonymous_1)
DA:3,2
DA:5,2
DA:6,1
DA:7,0
DA:8,0
DA:10,0
DA:11,0
DA:13,0
DA:16,2
DA:17,0
DA:19,0
DA:20,0
LF:12
LH:4
BRDA:7,0,0,0
BRDA:7,0,1,0
BRDA:19,1,0,0
BRDA:19,1,1,0
BRF:4
BRH:0
end_of_record
TN:
SF:src\model\blogModel.js
FNF:0
FNH:0
DA:3,2
DA:4,2
LF:2
LH:2
BRF:0
BRH:0
end_of_record
TN:
SF:src\model\commentModel.js
FNF:0
FNH:0
DA:3,2
DA:4,2
LF:2
LH:2
BRF:0
BRH:0
end_of_record
TN:
SF:src\model\messageModel.js
FNF:0
FNH:0
DA:2,2
DA:3,2
LF:2
LH:2
BRF:0
BRH:0
end_of_record
TN:
SF:src\model\userModel.js
FNF:0
FNH:0
DA:2,2
DA:3,2
LF:2
LH:2
BRF:0
BRH:0
end_of_record
TN:
SF:src\router\router.js
FNF:0
FNH:0
DA:35,2
DA:37,2
DA:38,2
DA:39,2
DA:40,2
DA:41,2
DA:44,2
DA:45,2
DA:46,2
DA:47,2
DA:48,2
DA:52,2
DA:53,2
DA:56,2
DA:57,2
DA:58,2
DA:59,2
DA:60,2
DA:64,2
DA:65,2
LF:20
LH:20
BRF:0
BRH:0
end_of_record
TN:
SF:src\validator\blogValidator.js
FN:1,(anonymous_0)
FNF:1
FNH:0
FNDA:0,(anonymous_0)
DA:1,2
DA:3,0
DA:4,0
DA:5,0
DA:9,0
DA:10,0
DA:14,0
DA:15,0
DA:19,0
DA:20,0
DA:24,0
LF:11
LH:1
BRDA:4,0,0,0
BRDA:4,0,1,0
BRDA:9,1,0,0
BRDA:9,1,1,0
BRDA:14,2,0,0
BRDA:14,2,1,0
BRDA:19,3,0,0
BRDA:19,3,1,0
BRF:8
BRH:0
end_of_record
TN:
SF:src\validator\commentValidator.js
FN:1,(anonymous_0)
FNF:1
FNH:0
FNDA:0,(anonymous_0)
DA:1,2
DA:2,0
DA:3,0
DA:4,0
DA:8,0
DA:9,0
DA:13,0
DA:14,0
DA:18,0
DA:19,0
DA:20,0
DA:21,0
DA:25,0
DA:26,0
DA:30,0
LF:15
LH:1
BRDA:3,0,0,0
BRDA:3,0,1,0
BRDA:3,1,0,0
BRDA:3,1,1,0
BRDA:8,2,0,0
BRDA:8,2,1,0
BRDA:8,3,0,0
BRDA:8,3,1,0
BRDA:13,4,0,0
BRDA:13,4,1,0
BRDA:13,5,0,0
BRDA:13,5,1,0
BRDA:20,6,0,0
BRDA:20,6,1,0
BRDA:20,7,0,0
BRDA:20,7,1,0
BRDA:25,8,0,0
BRDA:25,8,1,0
BRDA:25,9,0,0
BRDA:25,9,1,0
BRF:20
BRH:0
end_of_record
TN:
SF:src\validator\messageValidator.js
FN:1,(anonymous_0)
FNF:1
FNH:0
FNDA:0,(anonymous_0)
DA:1,2
DA:2,0
DA:3,0
DA:4,0
DA:8,0
DA:9,0
DA:13,0
DA:14,0
DA:18,0
DA:19,0
DA:23,0
DA:24,0
DA:25,0
DA:26,0
DA:30,0
LF:15
LH:1
BRDA:3,0,0,0
BRDA:3,0,1,0
BRDA:8,1,0,0
BRDA:8,1,1,0
BRDA:13,2,0,0
BRDA:13,2,1,0
BRDA:18,3,0,0
BRDA:18,3,1,0
BRDA:18,4,0,0
BRDA:18,4,1,0
BRDA:25,5,0,0
BRDA:25,5,1,0
BRDA:25,6,0,0
BRDA:25,6,1,0
BRF:14
BRH:0
end_of_record
TN:
SF:src\validator\userValidator.js
FN:1,(anonymous_0)
FNF:1
FNH:1
FNDA:2,(anonymous_0)
DA:1,2
DA:3,2
DA:4,2
DA:5,0
DA:9,2
DA:10,0
DA:14,2
DA:15,0
DA:19,2
DA:20,0
DA:24,2
DA:25,0
DA:29,2
DA:30,2
DA:31,2
DA:32,0
DA:37,2
DA:38,0
DA:42,2
DA:43,0
DA:47,2
DA:48,0
DA:52,2
DA:53,0
DA:57,2
DA:58,0
DA:63,2
LF:27
LH:16
BRDA:4,0,0,0
BRDA:4,0,1,2
BRDA:4,1,0,2
BRDA:4,1,1,2
BRDA:9,2,0,0
BRDA:9,2,1,2
BRDA:9,3,0,2
BRDA:9,3,1,2
BRDA:14,4,0,0
BRDA:14,4,1,2
BRDA:14,5,0,2
BRDA:14,5,1,2
BRDA:19,6,0,0
BRDA:19,6,1,2
BRDA:19,7,0,2
BRDA:19,7,1,2
BRDA:24,8,0,0
BRDA:24,8,1,2
BRDA:24,9,0,2
BRDA:24,9,1,2
BRDA:31,10,0,0
BRDA:31,10,1,2
BRDA:31,11,0,2
BRDA:31,11,1,2
BRDA:37,12,0,0
BRDA:37,12,1,2
BRDA:37,13,0,2
BRDA:37,13,1,2
BRDA:42,14,0,0
BRDA:42,14,1,2
BRDA:42,15,0,2
BRDA:42,15,1,2
BRDA:47,16,0,0
BRDA:47,16,1,2
BRDA:52,17,0,0
BRDA:52,17,1,2
BRDA:57,18,0,0
BRDA:57,18,1,2
BRF:38
BRH:27
end_of_record
